<?xml version="1.0" encoding="UTF-8"?>
<robot generator="Robot 4.1.1 (Python 3.8.5 on win32)" generated="20211207 11:37:13.361" rpa="false" schemaversion="2">
<suite id="s1" name="testDemo1" source="D:\SaundersEddieRepo\SauceDemo-Robot\Test\testDemo1.robot">
<test id="s1-t1" name="Validate Successful Page Open">
<kw name="Open SauceDemo">
<kw name="Create Webdriver" library="SeleniumLibrary">
<arg>Chrome</arg>
<arg>executable_path=d:/webdrivers/chromedriver</arg>
<doc>Creates an instance of Selenium WebDriver.</doc>
<msg timestamp="20211207 11:37:13.539" level="INFO">Creating an instance of the Chrome WebDriver.</msg>
<status status="PASS" starttime="20211207 11:37:13.538" endtime="20211207 11:37:15.100"/>
</kw>
<kw name="Go To" library="SeleniumLibrary">
<arg>https://www.saucedemo.com</arg>
<doc>Navigates the current browser window to the provided ``url``.</doc>
<msg timestamp="20211207 11:37:15.100" level="INFO">Opening url 'https://www.saucedemo.com'</msg>
<status status="PASS" starttime="20211207 11:37:15.100" endtime="20211207 11:37:15.520"/>
</kw>
<status status="PASS" starttime="20211207 11:37:13.538" endtime="20211207 11:37:15.521"/>
</kw>
<status status="PASS" starttime="20211207 11:37:13.537" endtime="20211207 11:37:15.521"/>
</test>
<doc>Just testing setup and configuration</doc>
<status status="PASS" starttime="20211207 11:37:13.363" endtime="20211207 11:37:15.523"/>
</suite>
<statistics>
<total>
<stat pass="1" fail="0" skip="0">All Tests</stat>
</total>
<tag>
</tag>
<suite>
<stat pass="1" fail="0" skip="0" id="s1" name="testDemo1">testDemo1</stat>
</suite>
</statistics>
<errors>
</errors>
</robot>
